Arguments: 
  /usr/local/Cellar/node@10/10.16.0/bin/node /usr/local/Cellar/yarn/1.16.0/libexec/bin/yarn.js add @/api/index --silent --no-progress

PATH: 
  /usr/local/Cellar/node@10/10.16.0/lib/node_modules/npm/node_modules/npm-lifecycle/node-gyp-bin:/Users/xiafuzhao/Desktop/huiyi/gitlab/myApp/node_modules/.bin:/usr/local/Cellar/node@10/10.16.0/lib/node_modules/npm/node_modules/npm-lifecycle/node-gyp-bin:/Users/xiafuzhao/Desktop/huiyi/gitlab/myApp/node_modules/.bin:/usr/local/opt/node@10/bin:/usr/local/bin:/usr/bin:/bin:/usr/sbin:/sbin:/usr/local/MongoDB/bin

Yarn version: 
  1.16.0

Node version: 
  10.16.0

Platform: 
  darwin x64

Trace: 
  Error: https://registry.npmjs.org/@%2fapi/index: Not found
      at Request.params.callback [as _callback] (/usr/local/Cellar/yarn/1.16.0/libexec/lib/cli.js:66091:18)
      at Request.self.callback (/usr/local/Cellar/yarn/1.16.0/libexec/lib/cli.js:129590:22)
      at Request.emit (events.js:198:13)
      at Request.<anonymous> (/usr/local/Cellar/yarn/1.16.0/libexec/lib/cli.js:130562:10)
      at Request.emit (events.js:198:13)
      at IncomingMessage.<anonymous> (/usr/local/Cellar/yarn/1.16.0/libexec/lib/cli.js:130484:12)
      at Object.onceWrapper (events.js:286:20)
      at IncomingMessage.emit (events.js:203:15)
      at endReadableNT (_stream_readable.js:1129:12)
      at process._tickCallback (internal/process/next_tick.js:63:19)

npm manifest: 
  {
    "name": "myApp",
    "version": "1.0.0",
    "private": true,
    "description": "",
    "templateInfo": {
      "name": "redux",
      "typescript": false,
      "css": "less"
    },
    "scripts": {
      "build:weapp": "taro build --type weapp",
      "build:swan": "taro build --type swan",
      "build:alipay": "taro build --type alipay",
      "build:tt": "taro build --type tt",
      "build:h5": "taro build --type h5",
      "build:rn": "taro build --type rn",
      "build:qq": "taro build --type qq",
      "build:quickapp": "taro build --type quickapp",
      "dev:weapp": "npm run build:weapp -- --watch",
      "dev:swan": "npm run build:swan -- --watch",
      "dev:alipay": "npm run build:alipay -- --watch",
      "dev:tt": "npm run build:tt -- --watch",
      "dev:h5": "npm run build:h5 -- --watch",
      "dev:rn": "npm run build:rn -- --watch",
      "dev:qq": "npm run build:qq -- --watch",
      "dev:quickapp": "npm run build:quickapp -- --watch",
      "tep": "node scripts/template"
    },
    "author": "",
    "license": "MIT",
    "dependencies": {
      "@tarojs/async-await": "1.3.22",
      "@tarojs/components": "1.3.22",
      "@tarojs/components-qa": "1.3.22",
      "@tarojs/redux": "^1.3.27",
      "@tarojs/router": "1.3.22",
      "@tarojs/taro": "1.3.22",
      "@tarojs/taro-alipay": "1.3.22",
      "@tarojs/taro-h5": "1.3.22",
      "@tarojs/taro-qq": "1.3.22",
      "@tarojs/taro-quickapp": "1.3.22",
      "@tarojs/taro-swan": "1.3.22",
      "@tarojs/taro-tt": "1.3.22",
      "@tarojs/taro-weapp": "1.3.22",
      "classnames": "^2.2.6",
      "nerv-devtools": "^1.5.5",
      "nervjs": "^1.5.6",
      "pre-commit": "^1.2.2",
      "redux": "^4.0.0",
      "redux-logger": "^3.0.6",
      "redux-thunk": "^2.3.0",
      "taro-ui": "^2.2.4"
    },
    "devDependencies": {
      "@tarojs/plugin-babel": "^2.0.0-beta.13",
      "@tarojs/plugin-csso": "1.3.22",
      "@tarojs/plugin-less": "1.3.22",
      "@tarojs/plugin-uglifyjs": "1.3.22",
      "@tarojs/webpack-runner": "1.3.22",
      "@types/react": "^16.4.8",
      "@types/webpack-env": "^1.13.6",
      "babel-eslint": "^8.2.3",
      "babel-plugin-transform-class-properties": "^6.24.1",
      "babel-plugin-transform-decorators-legacy": "^1.3.4",
      "babel-plugin-transform-jsx-stylesheet": "^0.6.5",
      "babel-plugin-transform-object-rest-spread": "^6.26.0",
      "babel-preset-env": "^1.6.1",
      "eslint": "^5.16.0",
      "eslint-config-taro": "1.3.22",
      "eslint-plugin-import": "^2.12.0",
      "eslint-plugin-react": "^7.8.2",
      "eslint-plugin-react-hooks": "^1.6.1",
      "eslint-plugin-taro": "1.3.22",
      "husky": "^3.1.0",
      "lint-staged": "^9.5.0",
      "moment": "^2.24.0",
      "stylelint": "9.3.0",
      "stylelint-config-standard": "^19.0.0",
      "stylelint-config-taro-rn": "1.3.22",
      "stylelint-taro-rn": "1.3.22"
    }
  }

yarn manifest: 
  No manifest

Lockfile: 
  # THIS IS AN AUTOGENERATED FILE. DO NOT EDIT THIS FILE DIRECTLY.
  # yarn lockfile v1
